Removed Pin From Net: NetName=5V0_REG Pin=P1-1
Removed Pin From Net: NetName=GND Pin=P1-4
Removed Pin From Net: NetName=5V0_REG Pin=P2-1
Removed Pin From Net: NetName=GND Pin=P2-4
Removed Pin From Net: NetName=5V0_REG Pin=P3-3
Removed Pin From Net: NetName=GND Pin=P3-4
Removed Pin From Net: NetName=5V0_REG Pin=P4-3
Removed Pin From Net: NetName=GND Pin=P4-4
Removed Pin From Net: NetName=5V0_REG Pin=P5-3
Removed Pin From Net: NetName=GND Pin=P5-4
Removed Pin From Net: NetName=5V0_REG Pin=P6-3
Removed Pin From Net: NetName=GND Pin=P6-4
Removed Pin From Net: NetName=5V0_REG Pin=P7-3
Removed Pin From Net: NetName=GND Pin=P7-4
Removed Pin From Net: NetName=5V0_REG Pin=P8-4
Removed Pin From Net: NetName=GND Pin=P8-6
Removed Pin From Net: NetName=5V0_REG Pin=R_BIAS_H-1
Removed Pin From Net: NetName=5V0_REG Pin=U1-2
Removed Pin From Net: NetName=GND Pin=U1-6
Added Component: Designator=K?(MODULE5B)
Add component. Clean all parameters for all variants
Add component (AddParameter): Name = "LatestRevisionDate"; Value = "17-Jul-2002"; VariantName = "[No Variations]"
Add component (AddParameter): Name = "LatestRevisionNote"; Value = "Re-released for DXP Platform."; VariantName = "[No Variations]"
Add component (AddParameter): Name = "PackageReference"; Value = "MODULE5B"; VariantName = "[No Variations]"
Add component (AddParameter): Name = "Published"; Value = "24-Mar-1999"; VariantName = "[No Variations]"
Add component (AddParameter): Name = "Publisher"; Value = "Altium Limited"; VariantName = "[No Variations]"
Added Component: Designator=P20(MOLEX 0039281043)
Add component. Clean all parameters for all variants
Added Pin To Net: NetName=5V0_REG Pin=K?-3
Added Pin To Net: NetName=GND Pin=P1-1
Added Pin To Net: NetName=GND Pin=P2-1
Added Pin To Net: NetName=GND Pin=P3-3
Added Pin To Net: NetName=GND Pin=P4-3
Added Pin To Net: NetName=GND Pin=P5-3
Added Pin To Net: NetName=GND Pin=P6-3
Added Pin To Net: NetName=GND Pin=P7-3
Added Pin To Net: NetName=GND Pin=P8-4
Added Pin To Net: NetName=GND Pin=P20-1
Added Pin To Net: NetName=GND Pin=R_BIAS_H-1
Added Pin To Net: NetName=GND Pin=U1-2
Added Pin To Net: NetName=5V0_REG Pin=U1-6
Added Pin To Net: NetName=NetK?_1 Pin=K?-1
Added Pin To Net: NetName=NetK?_1 Pin=P1-4
Added Pin To Net: NetName=NetK?_1 Pin=P2-4
Added Pin To Net: NetName=NetK?_1 Pin=P3-4
Added Pin To Net: NetName=NetK?_1 Pin=P4-4
Added Pin To Net: NetName=NetK?_1 Pin=P5-4
Added Pin To Net: NetName=NetK?_1 Pin=P6-4
Added Pin To Net: NetName=NetK?_1 Pin=P7-4
Added Net: Name=NetK?_1
Added Pin To Net: NetName=NetK?_2 Pin=K?-2
Added Pin To Net: NetName=NetK?_2 Pin=P20-2
Added Net: Name=NetK?_2
Added Pin To Net: NetName=NetK?_4 Pin=K?-4
Added Pin To Net: NetName=NetK?_4 Pin=U3-43
Added Net: Name=NetK?_4
Added Pin To Net: NetName=NetK?_5 Pin=K?-5
Added Pin To Net: NetName=NetK?_5 Pin=U3-44
Added Net: Name=NetK?_5
Added Member To Class: ClassName=board Member=Component P20 Mini-Fit Jr 4 Pos
Added Rule: Name=Schematic Width Constraint
Added Rule: Name=Schematic Width Constraint_1
Added Rule: Name=Schematic Width Constraint_2
