Removed Pin From Net: NetName=NetR6_12 Pin=U3-23
Removed Pin From Net: NetName=NetR4_11 Pin=U3-24
Removed Pin From Net: NetName=NetR4_12 Pin=U5-1
Removed Pin From Net: NetName=NetR6_11 Pin=U6-1
Added Component: Designator=R4(RESC1608X06N_0603)
Add component. Clean all parameters for all variants
Add component (AddParameter): Name = "LatestRevisionDate"; Value = "29-May-2009"; VariantName = "[No Variations]"
Add component (AddParameter): Name = "LatestRevisionNote"; Value = "IPC-7351 Footprint Added."; VariantName = "[No Variations]"
Add component (AddParameter): Name = "PackageDescription"; Value = "Chip Resistor"; VariantName = "[No Variations]"
Add component (AddParameter): Name = "PackageReference"; Value = "J1-0603"; VariantName = "[No Variations]"
Add component (AddParameter): Name = "Published"; Value = "8-Jun-2000"; VariantName = "[No Variations]"
Add component (AddParameter): Name = "Publisher"; Value = "Altium Limited"; VariantName = "[No Variations]"
Add component (AddParameter): Name = "Value"; Value = "220"; VariantName = "[No Variations]"
Added Component: Designator=R6(RESC1608X06N_0603)
Add component. Clean all parameters for all variants
Add component (AddParameter): Name = "LatestRevisionDate"; Value = "29-May-2009"; VariantName = "[No Variations]"
Add component (AddParameter): Name = "LatestRevisionNote"; Value = "IPC-7351 Footprint Added."; VariantName = "[No Variations]"
Add component (AddParameter): Name = "PackageDescription"; Value = "Chip Resistor"; VariantName = "[No Variations]"
Add component (AddParameter): Name = "PackageReference"; Value = "J1-0603"; VariantName = "[No Variations]"
Add component (AddParameter): Name = "Published"; Value = "8-Jun-2000"; VariantName = "[No Variations]"
Add component (AddParameter): Name = "Publisher"; Value = "Altium Limited"; VariantName = "[No Variations]"
Add component (AddParameter): Name = "Value"; Value = "220"; VariantName = "[No Variations]"
Added Component: Designator=R8(RESC1608X06N_0603)
Add component. Clean all parameters for all variants
Add component (AddParameter): Name = "LatestRevisionDate"; Value = "29-May-2009"; VariantName = "[No Variations]"
Add component (AddParameter): Name = "LatestRevisionNote"; Value = "IPC-7351 Footprint Added."; VariantName = "[No Variations]"
Add component (AddParameter): Name = "PackageDescription"; Value = "Chip Resistor"; VariantName = "[No Variations]"
Add component (AddParameter): Name = "PackageReference"; Value = "J1-0603"; VariantName = "[No Variations]"
Add component (AddParameter): Name = "Published"; Value = "8-Jun-2000"; VariantName = "[No Variations]"
Add component (AddParameter): Name = "Publisher"; Value = "Altium Limited"; VariantName = "[No Variations]"
Add component (AddParameter): Name = "Value"; Value = "220"; VariantName = "[No Variations]"
Added Component: Designator=R9(RESC1608X06N_0603)
Add component. Clean all parameters for all variants
Add component (AddParameter): Name = "LatestRevisionDate"; Value = "29-May-2009"; VariantName = "[No Variations]"
Add component (AddParameter): Name = "LatestRevisionNote"; Value = "IPC-7351 Footprint Added."; VariantName = "[No Variations]"
Add component (AddParameter): Name = "PackageDescription"; Value = "Chip Resistor"; VariantName = "[No Variations]"
Add component (AddParameter): Name = "PackageReference"; Value = "J1-0603"; VariantName = "[No Variations]"
Add component (AddParameter): Name = "Published"; Value = "8-Jun-2000"; VariantName = "[No Variations]"
Add component (AddParameter): Name = "Publisher"; Value = "Altium Limited"; VariantName = "[No Variations]"
Add component (AddParameter): Name = "Value"; Value = "220"; VariantName = "[No Variations]"
Added Pin To Net: NetName=NetR6_12 Pin=R4-1
Added Pin To Net: NetName=NetR6_11 Pin=R4-2
Added Pin To Net: NetName=NetR4_12 Pin=R6-1
Added Pin To Net: NetName=NetR4_11 Pin=R6-2
Added Pin To Net: NetName=5V0_REG Pin=R8-1
Added Pin To Net: NetName=NetD2_1 Pin=R8-2
Added Pin To Net: NetName=NetD3_2 Pin=R9-1
Added Pin To Net: NetName=GND Pin=R9-2
Added Pin To Net: NetName=NetR4_11 Pin=U3-23
Added Pin To Net: NetName=NetR6_11 Pin=U3-24
Added Pin To Net: NetName=NetR6_12 Pin=U5-1
Added Pin To Net: NetName=NetR4_12 Pin=U6-1
Change Net Name : Old Net Name=NetR4_11 New Net Name=NetR6_2
Change Net Name : Old Net Name=NetR4_12 New Net Name=NetR6_1
Change Net Name : Old Net Name=NetR6_11 New Net Name=NetR4_2
Change Net Name : Old Net Name=NetR6_12 New Net Name=NetR4_1
Added Member To Class: ClassName=board Member=Component R4 Res3
Added Member To Class: ClassName=board Member=Component R6 Res3
Added Member To Class: ClassName=Neg5V0Reg Member=Component R8 Res3
Added Member To Class: ClassName=board Member=Component R9 Res3
Added Room: Name=board
Added Room: Name=Neg5V0Reg
