Added Pin To Net: NetName=GND Pin=C1-2
Added Pin To Net: NetName=GND Pin=C5-2
Added Pin To Net: NetName=GND Pin=K1-3
Added Pin To Net: NetName=GND Pin=L1-1
Added Pin To Net: NetName=NetK1_1 Pin=P1-4
Added Pin To Net: NetName=NetK1_1 Pin=P2-4
Added Pin To Net: NetName=NetK1_1 Pin=P3-4
Added Pin To Net: NetName=NetK1_1 Pin=P4-4
Added Pin To Net: NetName=NetK1_1 Pin=P5-4
Added Pin To Net: NetName=NetK1_1 Pin=P6-4
Added Pin To Net: NetName=NetK1_1 Pin=P7-4
Added Pin To Net: NetName=GND Pin=P15-3
Added Pin To Net: NetName=GND Pin=P17-2
Added Pin To Net: NetName=GND Pin=P18-2
Added Pin To Net: NetName=GND Pin=P19-2
Added Pin To Net: NetName=GND Pin=SW1-5
Added Pin To Net: NetName=GND Pin=TP2-1
Added Pin To Net: NetName=GND Pin=U1-2
Added Pin To Net: NetName=GND Pin=U2-3
Added Pin To Net: NetName=GND Pin=U3-8
Added Pin To Net: NetName=GND Pin=U4-4
Added Pin To Net: NetName=GND Pin=U4-5
Added Pin To Net: NetName=GND Pin=U7-3
