Removed Pin From Net: NetName=NetK1_1 Pin=P5-4
Removed Pin From Net: NetName=3V0_REG Pin=U3-4
Removed Pin From Net: NetName=GND Pin=U3-6
Removed Pin From Net: NetName=GND Pin=U3-7
Removed Pin From Net: NetName=GND Pin=U3-8
Removed Pin From Net: NetName=Ana_Black_0 Pin=U3-9
Removed Pin From Net: NetName=Ana_Black_1 Pin=U3-10
Removed Pin From Net: NetName=Ana_Blue_0 Pin=U3-11
Removed Pin From Net: NetName=Ana_Blue_1 Pin=U3-12
Removed Pin From Net: NetName=Ana_Blue_2 Pin=U3-13
Removed Pin From Net: NetName=Ana_Blue_3 Pin=U3-14
Removed Pin From Net: NetName=Ana_Blue_4 Pin=U3-15
Removed Pin From Net: NetName=NetP16_1 Pin=U3-20
Removed Pin From Net: NetName=I2C DATA Pin=U3-61
Removed Pin From Net: NetName=I2C CLOCK Pin=U3-62
Removed Pin From Net: NetName=NetP14_3 Pin=U3-71
Removed Pin From Net: NetName=NetP17_3 Pin=U3-72
Removed Pin From Net: NetName=NetP18_3 Pin=U3-73
Removed Pin From Net: NetName=NetP19_3 Pin=U3-74
Removed Pin From Net: NetName=NetP15_1 Pin=U3-75
Removed Pin From Net: NetName=NetP15_2 Pin=U3-76
Removed Pin From Net: NetName=NetP15_5 Pin=U3-77
Removed Pin From Net: NetName=NetP15_6 Pin=U3-78
Removed Pin From Net: NetName=NetU1_5 Pin=U3-89
Removed Pin From Net: NetName=NetU1_4 Pin=U3-90
Removed Member From Class: ClassName=board Member=U3
Added Component: Designator=ARD?(Arduino Mega)
Add component. Clean all parameters for all variants
Added Pin To Net: NetName=GND Pin=P1-4
Added Pin To Net: NetName=GND Pin=P2-4
Added Pin To Net: NetName=GND Pin=P3-3
Added Pin To Net: NetName=GND Pin=P4-3
Added Pin To Net: NetName=NetK1_1 Pin=P5-3
Added Pin To Net: NetName=GND Pin=P5-4
Added Pin To Net: NetName=GND Pin=P6-4
Added Pin To Net: NetName=GND Pin=P7-3
Change Net Name : Old Net Name=GND New Net Name=5V0_REG
Change Class Name : Old Net Name=board New Net Name=Main
Change Class Name : Old Net Name=Neg5V0Reg New Net Name=PowerRails
Added Member To Class: ClassName=Main Member=Component ARD? Arduino Mega
Change Room Name: Old Name=Neg5V0Reg New Name=PowerRails
Change Room Scope: Old Scope=InComponentClass('Neg5V0Reg') New Scope=InComponentClass('PowerRails')
Added Room: Name=Main
Added Rule: Name=Schematic Width Constraint
