Removed Pin From Net: NetName=NetP15_1 Pin=U3-72
Removed Pin From Net: NetName=NetP15_2 Pin=U3-73
Removed Pin From Net: NetName=NetP15_5 Pin=U3-74
Removed Pin From Net: NetName=NetP15_6 Pin=U3-75
Added Component: Designator=P17(Header3)
Add component. Clean all parameters for all variants
Added Component: Designator=P18(Header3)
Add component. Clean all parameters for all variants
Added Component: Designator=P19(Header3)
Add component. Clean all parameters for all variants
Added Pin To Net: NetName=GND Pin=P17-1
Added Pin To Net: NetName=5V0_REG Pin=P17-2
Added Pin To Net: NetName=GND Pin=P18-1
Added Pin To Net: NetName=5V0_REG Pin=P18-2
Added Pin To Net: NetName=GND Pin=P19-1
Added Pin To Net: NetName=5V0_REG Pin=P19-2
Added Pin To Net: NetName=NetP15_1 Pin=U3-75
Added Pin To Net: NetName=NetP15_2 Pin=U3-76
Added Pin To Net: NetName=NetP15_5 Pin=U3-77
Added Pin To Net: NetName=NetP15_6 Pin=U3-78
Added Pin To Net: NetName=NetP17_3 Pin=P17-3
Added Pin To Net: NetName=NetP17_3 Pin=U3-72
Added Net: Name=NetP17_3
Added Pin To Net: NetName=NetP18_3 Pin=P18-3
Added Pin To Net: NetName=NetP18_3 Pin=U3-73
Added Net: Name=NetP18_3
Added Pin To Net: NetName=NetP19_3 Pin=P19-3
Added Pin To Net: NetName=NetP19_3 Pin=U3-74
Added Net: Name=NetP19_3
Added Member To Class: ClassName=board Member=Component P17 Servo1
Added Member To Class: ClassName=board Member=Component P18 Servo1
Added Member To Class: ClassName=board Member=Component P19 Servo1
Added Room: Name=board
Added Room: Name=Neg5V0Reg
