Removed Pin From Net: NetName=GND Pin=P4-3
Removed Pin From Net: NetName=GND Pin=U4-12
Removed Member From Class: ClassName=PowerNet Member=NetC12_2
Removed Member From Class: ClassName=PowerNet Member=NetC13_2
Change Component Designator: OldDesignator=C? NewDesignator=C5
Added Component: Designator=C14(0.01uF capacitor)
Add component (AddParameter): Name = "Capacitance"; Value = "10nF"; VariantName = "[No Variations]"
Add component (AddParameter): Name = "Case Code (Imperial)"; Value = "0603"; VariantName = "[No Variations]"
Add component (AddParameter): Name = "Case Code (Metric)"; Value = "1608"; VariantName = "[No Variations]"
Add component (AddParameter): Name = "Case/Package"; Value = "0603"; VariantName = "[No Variations]"
Add component (AddParameter): Name = "Category"; Value = "Capacitor"; VariantName = "[No Variations]"
Add component (AddParameter): Name = "ComponentLink1Description"; Value = "https://api.kemet.com/component-edge/download/datasheet/C0603C103KARACAUTO.pdf?src-supplier=Digi-Key"; VariantName = "[No Variations]"
Add component (AddParameter): Name = "ComponentLink1URL"; Value = "https://api.kemet.com/component-edge/download/datasheet/C0603C103KARACAUTO.pdf?src-supplier=Digi-Key"; VariantName = "[No Variations]"
Add component (AddParameter): Name = "Manufacturer 1"; Value = "KEMET"; VariantName = "[No Variations]"
Add component (AddParameter): Name = "Manufacturer Part Number 1"; Value = "C0603C103KARACAUTO"; VariantName = "[No Variations]"
Add component (AddParameter): Name = "Max Operating Temperature"; Value = "125°C"; VariantName = "[No Variations]"
Add component (AddParameter): Name = "Min Operating Temperature"; Value = "-55°C"; VariantName = "[No Variations]"
Add component (AddParameter): Name = "Mount"; Value = "Surface Mount"; VariantName = "[No Variations]"
Add component (AddParameter): Name = "Packaging"; Value = "Tape and Reel"; VariantName = "[No Variations]"
Add component (AddParameter): Name = "Pricing 1"; Value = "1=0,90000, 10=0,68500, 100=0,49040, 500=0,37964, 1000=0,32691 (USD)"; VariantName = "[No Variations]"
Add component (AddParameter): Name = "Ratings"; Value = "AEC-Q200"; VariantName = "[No Variations]"
Add component (AddParameter): Name = "RoHS"; Value = "No"; VariantName = "[No Variations]"
Add component (AddParameter): Name = "Stock 1"; Value = "8483"; VariantName = "[No Variations]"
Add component (AddParameter): Name = "Supplier 1"; Value = "Digi-Key"; VariantName = "[No Variations]"
Add component (AddParameter): Name = "Supplier Part Number 1"; Value = "399-17960-1-ND"; VariantName = "[No Variations]"
Add component (AddParameter): Name = "Tolerance"; Value = "10%"; VariantName = "[No Variations]"
Add component (AddParameter): Name = "Voltage Rating"; Value = "250V"; VariantName = "[No Variations]"
Added Component: Designator=P17(MOLEX 0039281043)
Added Component: Designator=P18(MOLEX 0039281043)
Added Component: Designator=R13(RESC1608X06N_0603)
Add component (AddParameter): Name = "LatestRevisionDate"; Value = "17-Jul-2002"; VariantName = "[No Variations]"
Add component (AddParameter): Name = "LatestRevisionNote"; Value = "Re-released for DXP Platform."; VariantName = "[No Variations]"
Add component (AddParameter): Name = "PackageDescription"; Value = "Axial Device, Thru-Hole; 2 Leads; 0.3 in Pin Spacing"; VariantName = "[No Variations]"
Add component (AddParameter): Name = "PackageReference"; Value = "AXIAL-0.3"; VariantName = "[No Variations]"
Add component (AddParameter): Name = "Published"; Value = "8-Jun-2000"; VariantName = "[No Variations]"
Add component (AddParameter): Name = "Publisher"; Value = "Altium Limited"; VariantName = "[No Variations]"
Add component (AddParameter): Name = "Value"; Value = "10K"; VariantName = "[No Variations]"
Added Component: Designator=R14(RESC1608X06N_0603)
Add component (AddParameter): Name = "LatestRevisionDate"; Value = "17-Jul-2002"; VariantName = "[No Variations]"
Add component (AddParameter): Name = "LatestRevisionNote"; Value = "Re-released for DXP Platform."; VariantName = "[No Variations]"
Add component (AddParameter): Name = "PackageDescription"; Value = "Axial Device, Thru-Hole; 2 Leads; 0.3 in Pin Spacing"; VariantName = "[No Variations]"
Add component (AddParameter): Name = "PackageReference"; Value = "AXIAL-0.3"; VariantName = "[No Variations]"
Add component (AddParameter): Name = "Published"; Value = "8-Jun-2000"; VariantName = "[No Variations]"
Add component (AddParameter): Name = "Publisher"; Value = "Altium Limited"; VariantName = "[No Variations]"
Add component (AddParameter): Name = "Value"; Value = "10K"; VariantName = "[No Variations]"
Added Pin To Net: NetName=GND Pin=C14-1
Added Pin To Net: NetName=GND Pin=P17-4
Added Pin To Net: NetName=GND Pin=R14-1
Added Net: Name=NetLED_W1_1
Added Pin To Net: NetName=NetLED_W1_2 Pin=P18-1
Added Net: Name=NetLED_W1_2
Added Net: Name=NetLED_W2_1
Added Pin To Net: NetName=NetLED_W2_2 Pin=P18-2
Added Net: Name=NetLED_W2_2
Added Net: Name=NetLED_W3_1
Added Pin To Net: NetName=NetLED_W3_2 Pin=P18-3
Added Net: Name=NetLED_W3_2
Added Pin To Net: NetName=NetLED_W4_1 Pin=P18-4
Added Net: Name=NetLED_W4_1
Added Pin To Net: NetName=NetP17_1 Pin=P17-1
Added Pin To Net: NetName=NetP17_1 Pin=P17-3
Added Pin To Net: NetName=NetP17_1 Pin=R7-2
Added Pin To Net: NetName=NetP17_1 Pin=R13-1
Added Pin To Net: NetName=NetP17_1 Pin=U4-9
Added Pin To Net: NetName=NetP17_1 Pin=U4-11
Added Net: Name=NetP17_1
Added Pin To Net: NetName=NetP17_2 Pin=P17-2
Added Pin To Net: NetName=NetP17_2 Pin=R6-2
Added Pin To Net: NetName=NetP17_2 Pin=U4-10
Added Net: Name=NetP17_2
Added Pin To Net: NetName=NetR13_2 Pin=R13-2
Added Pin To Net: NetName=NetR13_2 Pin=R14-2
Added Pin To Net: NetName=NetR13_2 Pin=U4-12
Added Net: Name=NetR13_2
Added Class: Name=ledBoard
Added Member To Class: ClassName=PowerDevices Member=Component C14 0.01uF
Added Member To Class: ClassName=PowerDevices Member=Component P17 Mini-Fit Jr 4 Pos
Added Member To Class: ClassName=PowerDevices Member=Component R13 Res1
Added Member To Class: ClassName=PowerDevices Member=Component R14 Res1
Added Member To Class: ClassName=PowerNet Member=Wire NetP17_1
Added Member To Class: ClassName=PowerNet Member=Wire NetP17_2
Added Room: Name=ledBoard
